<?xml version="1.0" encoding="UTF-8"?>
<coverage generated="1660200391783" clover="3.2.0">
  <project timestamp="1660200391783" name="All files">
    <metrics statements="243" coveredstatements="236" conditionals="78" coveredconditionals="71" methods="79" coveredmethods="78" elements="400" coveredelements="385" complexity="0" loc="243" ncloc="243" packages="9" files="21" classes="21"/>
    <package name="src">
      <metrics statements="8" coveredstatements="2" conditionals="0" coveredconditionals="0" methods="1" coveredmethods="0"/>
      <file name="App.tsx" path="/home/jmesa/projects/personal/shopping-cart/src/App.tsx">
        <metrics statements="3" coveredstatements="0" conditionals="0" coveredconditionals="0" methods="1" coveredmethods="0"/>
        <line num="11" count="0" type="stmt"/>
        <line num="13" count="0" type="stmt"/>
        <line num="14" count="0" type="stmt"/>
      </file>
      <file name="GlobalStyles.ts" path="/home/jmesa/projects/personal/shopping-cart/src/GlobalStyles.ts">
        <metrics statements="1" coveredstatements="0" conditionals="0" coveredconditionals="0" methods="0" coveredmethods="0"/>
        <line num="5" count="0" type="stmt"/>
      </file>
      <file name="index.tsx" path="/home/jmesa/projects/personal/shopping-cart/src/index.tsx">
        <metrics statements="2" coveredstatements="0" conditionals="0" coveredconditionals="0" methods="0" coveredmethods="0"/>
        <line num="6" count="0" type="stmt"/>
        <line num="7" count="0" type="stmt"/>
      </file>
      <file name="reduxHooks.ts" path="/home/jmesa/projects/personal/shopping-cart/src/reduxHooks.ts">
        <metrics statements="2" coveredstatements="2" conditionals="0" coveredconditionals="0" methods="0" coveredmethods="0"/>
        <line num="5" count="4" type="stmt"/>
        <line num="6" count="4" type="stmt"/>
      </file>
    </package>
    <package name="src.classes">
      <metrics statements="42" coveredstatements="42" conditionals="13" coveredconditionals="11" methods="8" coveredmethods="8"/>
      <file name="Checkout.ts" path="/home/jmesa/projects/personal/shopping-cart/src/classes/Checkout.ts">
        <metrics statements="42" coveredstatements="42" conditionals="13" coveredconditionals="11" methods="8" coveredmethods="8"/>
        <line num="9" count="12" type="stmt"/>
        <line num="10" count="12" type="stmt"/>
        <line num="11" count="12" type="stmt"/>
        <line num="14" count="43" type="stmt"/>
        <line num="16" count="43" type="stmt"/>
        <line num="24" count="26" type="stmt"/>
        <line num="25" count="26" type="stmt"/>
        <line num="27" count="26" type="cond" truecount="2" falsecount="0"/>
        <line num="28" count="8" type="stmt"/>
        <line num="29" count="8" type="stmt"/>
        <line num="30" count="18" type="cond" truecount="1" falsecount="1"/>
        <line num="31" count="18" type="stmt"/>
        <line num="32" count="18" type="stmt"/>
        <line num="35" count="26" type="stmt"/>
        <line num="37" count="26" type="stmt"/>
        <line num="39" count="26" type="stmt"/>
        <line num="43" count="17" type="stmt"/>
        <line num="44" count="17" type="stmt"/>
        <line num="47" count="17" type="cond" truecount="2" falsecount="0"/>
        <line num="48" count="17" type="stmt"/>
        <line num="50" count="17" type="cond" truecount="2" falsecount="0"/>
        <line num="51" count="15" type="stmt"/>
        <line num="52" count="15" type="stmt"/>
        <line num="53" count="2" type="cond" truecount="1" falsecount="1"/>
        <line num="54" count="2" type="stmt"/>
        <line num="57" count="17" type="stmt"/>
        <line num="59" count="17" type="stmt"/>
        <line num="61" count="17" type="stmt"/>
        <line num="65" count="8" type="stmt"/>
        <line num="67" count="8" type="cond" truecount="2" falsecount="0"/>
        <line num="68" count="6" type="stmt"/>
        <line num="69" count="18" type="stmt"/>
        <line num="71" count="18" type="stmt"/>
        <line num="75" count="2" type="stmt"/>
        <line num="79" count="4" type="stmt"/>
        <line num="80" count="4" type="stmt"/>
        <line num="81" count="6" type="stmt"/>
        <line num="85" count="4" type="stmt"/>
        <line num="89" count="2" type="stmt"/>
        <line num="90" count="2" type="stmt"/>
        <line num="91" count="2" type="stmt"/>
        <line num="93" count="2" type="stmt"/>
      </file>
    </package>
    <package name="src.config">
      <metrics statements="1" coveredstatements="1" conditionals="0" coveredconditionals="0" methods="0" coveredmethods="0"/>
      <file name="constants.ts" path="/home/jmesa/projects/personal/shopping-cart/src/config/constants.ts">
        <metrics statements="1" coveredstatements="1" conditionals="0" coveredconditionals="0" methods="0" coveredmethods="0"/>
        <line num="1" count="2" type="stmt"/>
      </file>
    </package>
    <package name="src.helpers">
      <metrics statements="53" coveredstatements="53" conditionals="15" coveredconditionals="15" methods="23" coveredmethods="23"/>
      <file name="DataTypeChecker.ts" path="/home/jmesa/projects/personal/shopping-cart/src/helpers/DataTypeChecker.ts">
        <metrics statements="7" coveredstatements="7" conditionals="6" coveredconditionals="6" methods="5" coveredmethods="5"/>
        <line num="3" count="106" type="stmt"/>
        <line num="7" count="103" type="stmt"/>
        <line num="8" count="103" type="cond" truecount="2" falsecount="0"/>
        <line num="9" count="103" type="stmt"/>
        <line num="11" count="103" type="stmt"/>
        <line num="15" count="2938" type="cond" truecount="2" falsecount="0"/>
        <line num="19" count="955" type="cond" truecount="2" falsecount="0"/>
      </file>
      <file name="discountsHelper.ts" path="/home/jmesa/projects/personal/shopping-cart/src/helpers/discountsHelper.ts">
        <metrics statements="30" coveredstatements="30" conditionals="9" coveredconditionals="9" methods="8" coveredmethods="8"/>
        <line num="6" count="7" type="stmt"/>
        <line num="11" count="7" type="stmt"/>
        <line num="14" count="96" type="stmt"/>
        <line num="15" count="96" type="stmt"/>
        <line num="17" count="96" type="stmt"/>
        <line num="18" count="480" type="stmt"/>
        <line num="21" count="96" type="stmt"/>
        <line num="24" count="7" type="stmt"/>
        <line num="25" count="48" type="stmt"/>
        <line num="27" count="96" type="stmt"/>
        <line num="30" count="7" type="stmt"/>
        <line num="45" count="48" type="stmt"/>
        <line num="46" count="48" type="stmt"/>
        <line num="47" count="48" type="stmt"/>
        <line num="48" count="96" type="stmt"/>
        <line num="49" count="96" type="stmt"/>
        <line num="52" count="96" type="cond" truecount="2" falsecount="0"/>
        <line num="53" count="40" type="stmt"/>
        <line num="55" count="40" type="stmt"/>
        <line num="56" count="31" type="stmt"/>
        <line num="59" count="40" type="cond" truecount="3" falsecount="0"/>
        <line num="61" count="29" type="cond" truecount="2" falsecount="0"/>
        <line num="62" count="25" type="stmt"/>
        <line num="64" count="25" type="stmt"/>
        <line num="69" count="29" type="stmt"/>
        <line num="74" count="11" type="cond" truecount="2" falsecount="0"/>
        <line num="75" count="9" type="stmt"/>
        <line num="77" count="9" type="stmt"/>
        <line num="81" count="9" type="stmt"/>
        <line num="88" count="48" type="stmt"/>
      </file>
      <file name="productsHelper.ts" path="/home/jmesa/projects/personal/shopping-cart/src/helpers/productsHelper.ts">
        <metrics statements="14" coveredstatements="14" conditionals="0" coveredconditionals="0" methods="9" coveredmethods="9"/>
        <line num="5" count="8" type="stmt"/>
        <line num="8" count="372" type="stmt"/>
        <line num="9" count="372" type="stmt"/>
        <line num="11" count="372" type="stmt"/>
        <line num="12" count="3348" type="stmt"/>
        <line num="15" count="372" type="stmt"/>
        <line num="18" count="8" type="stmt"/>
        <line num="19" count="93" type="stmt"/>
        <line num="21" count="372" type="stmt"/>
        <line num="24" count="93" type="stmt"/>
        <line num="26" count="8" type="stmt"/>
        <line num="29" count="139" type="stmt"/>
        <line num="32" count="8" type="stmt"/>
        <line num="35" count="61" type="stmt"/>
      </file>
      <file name="testHelpers.tsx" path="/home/jmesa/projects/personal/shopping-cart/src/helpers/testHelpers.tsx">
        <metrics statements="2" coveredstatements="2" conditionals="0" coveredconditionals="0" methods="1" coveredmethods="1"/>
        <line num="3" count="2" type="stmt"/>
        <line num="7" count="7" type="stmt"/>
      </file>
    </package>
    <package name="src.models">
      <metrics statements="70" coveredstatements="70" conditionals="28" coveredconditionals="28" methods="28" coveredmethods="28"/>
      <file name="Discount.ts" path="/home/jmesa/projects/personal/shopping-cart/src/models/Discount.ts">
        <metrics statements="25" coveredstatements="25" conditionals="10" coveredconditionals="10" methods="10" coveredmethods="10"/>
        <line num="5" count="97" type="stmt"/>
        <line num="6" count="97" type="stmt"/>
        <line num="7" count="97" type="stmt"/>
        <line num="8" count="97" type="stmt"/>
        <line num="9" count="97" type="stmt"/>
        <line num="15" count="97" type="stmt"/>
        <line num="22" count="99" type="cond" truecount="2" falsecount="0"/>
        <line num="23" count="97" type="stmt"/>
        <line num="25" count="2" type="stmt"/>
        <line num="33" count="97" type="stmt"/>
        <line num="40" count="99" type="cond" truecount="2" falsecount="0"/>
        <line num="41" count="97" type="stmt"/>
        <line num="43" count="2" type="stmt"/>
        <line num="51" count="97" type="stmt"/>
        <line num="58" count="99" type="cond" truecount="2" falsecount="0"/>
        <line num="59" count="97" type="stmt"/>
        <line num="61" count="2" type="stmt"/>
        <line num="69" count="97" type="stmt"/>
        <line num="76" count="99" type="cond" truecount="2" falsecount="0"/>
        <line num="77" count="97" type="stmt"/>
        <line num="79" count="2" type="stmt"/>
        <line num="87" count="97" type="stmt"/>
        <line num="94" count="99" type="cond" truecount="2" falsecount="0"/>
        <line num="95" count="97" type="stmt"/>
        <line num="97" count="2" type="stmt"/>
      </file>
      <file name="Product.ts" path="/home/jmesa/projects/personal/shopping-cart/src/models/Product.ts">
        <metrics statements="45" coveredstatements="45" conditionals="18" coveredconditionals="18" methods="18" coveredmethods="18"/>
        <line num="5" count="373" type="stmt"/>
        <line num="6" count="373" type="stmt"/>
        <line num="7" count="373" type="stmt"/>
        <line num="8" count="373" type="stmt"/>
        <line num="9" count="373" type="stmt"/>
        <line num="10" count="373" type="stmt"/>
        <line num="11" count="373" type="stmt"/>
        <line num="12" count="373" type="stmt"/>
        <line num="13" count="373" type="stmt"/>
        <line num="19" count="252" type="stmt"/>
        <line num="26" count="375" type="cond" truecount="2" falsecount="0"/>
        <line num="27" count="373" type="stmt"/>
        <line num="29" count="2" type="stmt"/>
        <line num="37" count="6" type="stmt"/>
        <line num="44" count="375" type="cond" truecount="2" falsecount="0"/>
        <line num="45" count="373" type="stmt"/>
        <line num="47" count="2" type="stmt"/>
        <line num="55" count="13" type="stmt"/>
        <line num="62" count="375" type="cond" truecount="2" falsecount="0"/>
        <line num="63" count="373" type="stmt"/>
        <line num="65" count="2" type="stmt"/>
        <line num="73" count="8" type="stmt"/>
        <line num="80" count="375" type="cond" truecount="2" falsecount="0"/>
        <line num="81" count="373" type="stmt"/>
        <line num="83" count="2" type="stmt"/>
        <line num="91" count="6" type="stmt"/>
        <line num="98" count="375" type="cond" truecount="2" falsecount="0"/>
        <line num="99" count="373" type="stmt"/>
        <line num="101" count="2" type="stmt"/>
        <line num="109" count="13" type="stmt"/>
        <line num="116" count="375" type="cond" truecount="2" falsecount="0"/>
        <line num="117" count="373" type="stmt"/>
        <line num="119" count="2" type="stmt"/>
        <line num="127" count="71" type="stmt"/>
        <line num="134" count="375" type="cond" truecount="2" falsecount="0"/>
        <line num="135" count="373" type="stmt"/>
        <line num="137" count="2" type="stmt"/>
        <line num="145" count="13" type="stmt"/>
        <line num="152" count="375" type="cond" truecount="2" falsecount="0"/>
        <line num="153" count="373" type="stmt"/>
        <line num="155" count="2" type="stmt"/>
        <line num="163" count="32" type="stmt"/>
        <line num="170" count="375" type="cond" truecount="2" falsecount="0"/>
        <line num="171" count="373" type="stmt"/>
        <line num="173" count="2" type="stmt"/>
      </file>
    </package>
    <package name="src.pages.Checkout">
      <metrics statements="62" coveredstatements="62" conditionals="22" coveredconditionals="17" methods="18" coveredmethods="18"/>
      <file name="Checkout.tsx" path="/home/jmesa/projects/personal/shopping-cart/src/pages/Checkout/Checkout.tsx">
        <metrics statements="4" coveredstatements="4" conditionals="0" coveredconditionals="0" methods="2" coveredmethods="2"/>
        <line num="11" count="1" type="stmt"/>
        <line num="12" count="1" type="stmt"/>
        <line num="14" count="1" type="stmt"/>
        <line num="23" count="1" type="stmt"/>
      </file>
      <file name="CheckoutOrderSummary.tsx" path="/home/jmesa/projects/personal/shopping-cart/src/pages/Checkout/CheckoutOrderSummary.tsx">
        <metrics statements="9" coveredstatements="9" conditionals="2" coveredconditionals="1" methods="3" coveredmethods="3"/>
        <line num="9" count="1" type="stmt"/>
        <line num="10" count="2" type="stmt"/>
        <line num="11" count="2" type="stmt"/>
        <line num="12" count="1" type="stmt"/>
        <line num="13" count="1" type="stmt"/>
        <line num="16" count="2" type="stmt"/>
        <line num="18" count="2" type="stmt"/>
        <line num="37" count="4" type="stmt"/>
        <line num="70" count="1" type="stmt"/>
      </file>
      <file name="CheckoutProductDetails.tsx" path="/home/jmesa/projects/personal/shopping-cart/src/pages/Checkout/CheckoutProductDetails.tsx">
        <metrics statements="26" coveredstatements="26" conditionals="10" coveredconditionals="8" methods="5" coveredmethods="5"/>
        <line num="16" count="1" type="stmt"/>
        <line num="17" count="7" type="stmt"/>
        <line num="18" count="7" type="stmt"/>
        <line num="19" count="7" type="stmt"/>
        <line num="21" count="7" type="stmt"/>
        <line num="22" count="5" type="stmt"/>
        <line num="26" count="7" type="stmt"/>
        <line num="28" count="4" type="cond" truecount="1" falsecount="1"/>
        <line num="29" count="4" type="stmt"/>
        <line num="35" count="7" type="stmt"/>
        <line num="36" count="7" type="cond" truecount="2" falsecount="0"/>
        <line num="37" count="5" type="stmt"/>
        <line num="39" count="2" type="stmt"/>
        <line num="43" count="7" type="cond" truecount="2" falsecount="0"/>
        <line num="44" count="5" type="stmt"/>
        <line num="54" count="5" type="stmt"/>
        <line num="56" count="5" type="stmt"/>
        <line num="57" count="5" type="cond" truecount="1" falsecount="1"/>
        <line num="58" count="5" type="stmt"/>
        <line num="60" count="5" type="stmt"/>
        <line num="61" count="1" type="stmt"/>
        <line num="62" count="1" type="stmt"/>
        <line num="63" count="1" type="stmt"/>
        <line num="66" count="5" type="stmt"/>
        <line num="98" count="2" type="stmt"/>
        <line num="101" count="1" type="stmt"/>
      </file>
      <file name="CheckoutProductList.tsx" path="/home/jmesa/projects/personal/shopping-cart/src/pages/Checkout/CheckoutProductList.tsx">
        <metrics statements="5" coveredstatements="5" conditionals="0" coveredconditionals="0" methods="2" coveredmethods="2"/>
        <line num="9" count="1" type="stmt"/>
        <line num="10" count="1" type="stmt"/>
        <line num="12" count="1" type="stmt"/>
        <line num="25" count="4" type="stmt"/>
        <line num="36" count="1" type="stmt"/>
      </file>
      <file name="CheckoutProductListItem.tsx" path="/home/jmesa/projects/personal/shopping-cart/src/pages/Checkout/CheckoutProductListItem.tsx">
        <metrics statements="18" coveredstatements="18" conditionals="10" coveredconditionals="8" methods="6" coveredmethods="6"/>
        <line num="12" count="1" type="stmt"/>
        <line num="19" count="7" type="stmt"/>
        <line num="20" count="7" type="stmt"/>
        <line num="21" count="7" type="cond" truecount="1" falsecount="1"/>
        <line num="23" count="7" type="stmt"/>
        <line num="25" count="7" type="stmt"/>
        <line num="27" count="2" type="stmt"/>
        <line num="28" count="2" type="stmt"/>
        <line num="33" count="7" type="stmt"/>
        <line num="34" count="1" type="stmt"/>
        <line num="38" count="7" type="stmt"/>
        <line num="40" count="3" type="stmt"/>
        <line num="42" count="3" type="cond" truecount="1" falsecount="1"/>
        <line num="43" count="3" type="cond" truecount="2" falsecount="0"/>
        <line num="44" count="3" type="stmt"/>
        <line num="50" count="7" type="stmt"/>
        <line num="65" count="1" type="stmt"/>
        <line num="82" count="1" type="stmt"/>
      </file>
    </package>
    <package name="src.reducers">
      <metrics statements="3" coveredstatements="3" conditionals="0" coveredconditionals="0" methods="1" coveredmethods="1"/>
      <file name="cartItems.ts" path="/home/jmesa/projects/personal/shopping-cart/src/reducers/cartItems.ts">
        <metrics statements="3" coveredstatements="3" conditionals="0" coveredconditionals="0" methods="1" coveredmethods="1"/>
        <line num="3" count="4" type="stmt"/>
        <line num="10" count="1" type="stmt"/>
        <line num="15" count="4" type="stmt"/>
      </file>
    </package>
    <package name="src.store">
      <metrics statements="1" coveredstatements="0" conditionals="0" coveredconditionals="0" methods="0" coveredmethods="0"/>
      <file name="index.ts" path="/home/jmesa/projects/personal/shopping-cart/src/store/index.ts">
        <metrics statements="1" coveredstatements="0" conditionals="0" coveredconditionals="0" methods="0" coveredmethods="0"/>
        <line num="5" count="0" type="stmt"/>
      </file>
    </package>
    <package name="src.store.storeTestHelpers">
      <metrics statements="3" coveredstatements="3" conditionals="0" coveredconditionals="0" methods="0" coveredmethods="0"/>
      <file name="mockState.ts" path="/home/jmesa/projects/personal/shopping-cart/src/store/storeTestHelpers/mockState.ts">
        <metrics statements="1" coveredstatements="1" conditionals="0" coveredconditionals="0" methods="0" coveredmethods="0"/>
        <line num="1" count="4" type="stmt"/>
      </file>
      <file name="mockStore.ts" path="/home/jmesa/projects/personal/shopping-cart/src/store/storeTestHelpers/mockStore.ts">
        <metrics statements="2" coveredstatements="2" conditionals="0" coveredconditionals="0" methods="0" coveredmethods="0"/>
        <line num="5" count="4" type="stmt"/>
        <line num="7" count="4" type="stmt"/>
      </file>
    </package>
  </project>
</coverage>
