{"/home/jmesa/projects/personal/shopping-cart/src/App.tsx": {"path":"/home/jmesa/projects/personal/shopping-cart/src/App.tsx","statementMap":{"0":{"start":{"line":11,"column":17},"end":{"line":11,"column":31}},"1":{"start":{"line":13,"column":12},"end":{"line":20,"column":1}},"2":{"start":{"line":14,"column":2},"end":{"line":19,"column":13}}},"fnMap":{"0":{"name":"(anonymous_0)","decl":{"start":{"line":13,"column":12},"end":{"line":13,"column":13}},"loc":{"start":{"line":14,"column":2},"end":{"line":19,"column":13}},"line":14}},"branchMap":{},"s":{"0":0,"1":0,"2":0},"f":{"0":0},"b":{}}
,"/home/jmesa/projects/personal/shopping-cart/src/GlobalStyles.ts": {"path":"/home/jmesa/projects/personal/shopping-cart/src/GlobalStyles.ts","statementMap":{"0":{"start":{"line":5,"column":21},"end":{"line":245,"column":1}}},"fnMap":{},"branchMap":{},"s":{"0":0},"f":{},"b":{}}
,"/home/jmesa/projects/personal/shopping-cart/src/index.tsx": {"path":"/home/jmesa/projects/personal/shopping-cart/src/index.tsx","statementMap":{"0":{"start":{"line":6,"column":13},"end":{"line":6,"column":65}},"1":{"start":{"line":7,"column":0},"end":{"line":11,"column":2}}},"fnMap":{},"branchMap":{},"s":{"0":0,"1":0},"f":{},"b":{}}
,"/home/jmesa/projects/personal/shopping-cart/src/reduxHooks.ts": {"path":"/home/jmesa/projects/personal/shopping-cart/src/reduxHooks.ts","statementMap":{"0":{"start":{"line":5,"column":49},"end":{"line":5,"column":60}},"1":{"start":{"line":6,"column":63},"end":{"line":6,"column":74}}},"fnMap":{},"branchMap":{},"s":{"0":4,"1":4},"f":{},"b":{},"_coverageSchema":"1a1c01bbd47fc00a2c39e90264f33305004495a9","hash":"0eabfbc429bb4eed23ab11a641043224c6cf8f9e"}
,"/home/jmesa/projects/personal/shopping-cart/src/classes/Checkout.ts": {"path":"/home/jmesa/projects/personal/shopping-cart/src/classes/Checkout.ts","statementMap":{"0":{"start":{"line":9,"column":55},"end":{"line":9,"column":57}},"1":{"start":{"line":10,"column":57},"end":{"line":10,"column":59}},"2":{"start":{"line":11,"column":23},"end":{"line":11,"column":24}},"3":{"start":{"line":14,"column":27},"end":{"line":14,"column":71}},"4":{"start":{"line":16,"column":4},"end":{"line":20,"column":7}},"5":{"start":{"line":24,"column":28},"end":{"line":24,"column":61}},"6":{"start":{"line":25,"column":22},"end":{"line":25,"column":23}},"7":{"start":{"line":27,"column":4},"end":{"line":33,"column":5}},"8":{"start":{"line":28,"column":6},"end":{"line":28,"column":60}},"9":{"start":{"line":29,"column":6},"end":{"line":29,"column":43}},"10":{"start":{"line":30,"column":11},"end":{"line":33,"column":5}},"11":{"start":{"line":31,"column":6},"end":{"line":31,"column":27}},"12":{"start":{"line":32,"column":6},"end":{"line":32,"column":61}},"13":{"start":{"line":35,"column":4},"end":{"line":35,"column":41}},"14":{"start":{"line":37,"column":4},"end":{"line":37,"column":47}},"15":{"start":{"line":39,"column":4},"end":{"line":39,"column":16}},"16":{"start":{"line":43,"column":24},"end":{"line":43,"column":61}},"17":{"start":{"line":44,"column":28},"end":{"line":44,"column":61}},"18":{"start":{"line":47,"column":6},"end":{"line":47,"column":71}},"19":{"start":{"line":48,"column":30},"end":{"line":48,"column":44}},"20":{"start":{"line":50,"column":4},"end":{"line":55,"column":5}},"21":{"start":{"line":51,"column":6},"end":{"line":51,"column":68}},"22":{"start":{"line":52,"column":6},"end":{"line":52,"column":46}},"23":{"start":{"line":53,"column":11},"end":{"line":55,"column":5}},"24":{"start":{"line":54,"column":6},"end":{"line":54,"column":77}},"25":{"start":{"line":57,"column":4},"end":{"line":57,"column":60}},"26":{"start":{"line":59,"column":4},"end":{"line":59,"column":41}},"27":{"start":{"line":61,"column":4},"end":{"line":61,"column":16}},"28":{"start":{"line":65,"column":26},"end":{"line":65,"column":27}},"29":{"start":{"line":67,"column":4},"end":{"line":73,"column":5}},"30":{"start":{"line":68,"column":6},"end":{"line":72,"column":24}},"31":{"start":{"line":69,"column":31},"end":{"line":69,"column":68}},"32":{"start":{"line":71,"column":8},"end":{"line":71,"column":60}},"33":{"start":{"line":75,"column":4},"end":{"line":75,"column":25}},"34":{"start":{"line":79,"column":34},"end":{"line":79,"column":62}},"35":{"start":{"line":80,"column":22},"end":{"line":83,"column":5}},"36":{"start":{"line":81,"column":37},"end":{"line":81,"column":59}},"37":{"start":{"line":85,"column":4},"end":{"line":85,"column":45}},"38":{"start":{"line":89,"column":4},"end":{"line":89,"column":24}},"39":{"start":{"line":90,"column":4},"end":{"line":90,"column":24}},"40":{"start":{"line":91,"column":4},"end":{"line":91,"column":24}},"41":{"start":{"line":93,"column":4},"end":{"line":93,"column":16}}},"fnMap":{"0":{"name":"(anonymous_0)","decl":{"start":{"line":13,"column":2},"end":{"line":13,"column":3}},"loc":{"start":{"line":13,"column":65},"end":{"line":21,"column":3}},"line":13},"1":{"name":"(anonymous_1)","decl":{"start":{"line":23,"column":2},"end":{"line":23,"column":3}},"loc":{"start":{"line":23,"column":40},"end":{"line":40,"column":3}},"line":23},"2":{"name":"(anonymous_2)","decl":{"start":{"line":42,"column":2},"end":{"line":42,"column":3}},"loc":{"start":{"line":42,"column":60},"end":{"line":62,"column":3}},"line":42},"3":{"name":"(anonymous_3)","decl":{"start":{"line":64,"column":2},"end":{"line":64,"column":3}},"loc":{"start":{"line":64,"column":34},"end":{"line":76,"column":3}},"line":64},"4":{"name":"(anonymous_4)","decl":{"start":{"line":68,"column":35},"end":{"line":68,"column":36}},"loc":{"start":{"line":68,"column":70},"end":{"line":72,"column":7}},"line":68},"5":{"name":"(anonymous_5)","decl":{"start":{"line":78,"column":2},"end":{"line":78,"column":3}},"loc":{"start":{"line":78,"column":18},"end":{"line":86,"column":3}},"line":78},"6":{"name":"(anonymous_6)","decl":{"start":{"line":81,"column":6},"end":{"line":81,"column":7}},"loc":{"start":{"line":81,"column":37},"end":{"line":81,"column":59}},"line":81},"7":{"name":"(anonymous_7)","decl":{"start":{"line":88,"column":2},"end":{"line":88,"column":3}},"loc":{"start":{"line":88,"column":14},"end":{"line":94,"column":3}},"line":88}},"branchMap":{"0":{"loc":{"start":{"line":23,"column":21},"end":{"line":23,"column":32}},"type":"default-arg","locations":[{"start":{"line":23,"column":30},"end":{"line":23,"column":32}}],"line":23},"1":{"loc":{"start":{"line":27,"column":4},"end":{"line":33,"column":5}},"type":"if","locations":[{"start":{"line":27,"column":4},"end":{"line":33,"column":5}},{"start":{"line":30,"column":11},"end":{"line":33,"column":5}}],"line":27},"2":{"loc":{"start":{"line":30,"column":11},"end":{"line":33,"column":5}},"type":"if","locations":[{"start":{"line":30,"column":11},"end":{"line":33,"column":5}},{"start":{},"end":{}}],"line":30},"3":{"loc":{"start":{"line":47,"column":6},"end":{"line":47,"column":71}},"type":"cond-expr","locations":[{"start":{"line":47,"column":40},"end":{"line":47,"column":57}},{"start":{"line":47,"column":60},"end":{"line":47,"column":71}}],"line":47},"4":{"loc":{"start":{"line":50,"column":4},"end":{"line":55,"column":5}},"type":"if","locations":[{"start":{"line":50,"column":4},"end":{"line":55,"column":5}},{"start":{"line":53,"column":11},"end":{"line":55,"column":5}}],"line":50},"5":{"loc":{"start":{"line":53,"column":11},"end":{"line":55,"column":5}},"type":"if","locations":[{"start":{"line":53,"column":11},"end":{"line":55,"column":5}},{"start":{},"end":{}}],"line":53},"6":{"loc":{"start":{"line":67,"column":4},"end":{"line":73,"column":5}},"type":"if","locations":[{"start":{"line":67,"column":4},"end":{"line":73,"column":5}},{"start":{},"end":{}}],"line":67}},"s":{"0":12,"1":12,"2":12,"3":43,"4":43,"5":26,"6":26,"7":26,"8":8,"9":8,"10":18,"11":18,"12":18,"13":26,"14":26,"15":26,"16":17,"17":17,"18":17,"19":17,"20":17,"21":15,"22":15,"23":2,"24":2,"25":17,"26":17,"27":17,"28":8,"29":8,"30":6,"31":18,"32":18,"33":2,"34":4,"35":4,"36":6,"37":4,"38":2,"39":2,"40":2,"41":2},"f":{"0":43,"1":26,"2":17,"3":8,"4":18,"5":4,"6":6,"7":2},"b":{"0":[8],"1":[8,18],"2":[18,0],"3":[2,15],"4":[15,2],"5":[2,0],"6":[6,2]},"_coverageSchema":"1a1c01bbd47fc00a2c39e90264f33305004495a9","hash":"09d1f9e7e1665d068b91fa412205c1f9b2086dd2"}
,"/home/jmesa/projects/personal/shopping-cart/src/config/constants.ts": {"path":"/home/jmesa/projects/personal/shopping-cart/src/config/constants.ts","statementMap":{"0":{"start":{"line":1,"column":42},"end":{"line":1,"column":48}}},"fnMap":{},"branchMap":{},"s":{"0":2},"f":{},"b":{},"_coverageSchema":"1a1c01bbd47fc00a2c39e90264f33305004495a9","hash":"b794c6ce184ecb75b7ff5f2632d580cd7c177592"}
,"/home/jmesa/projects/personal/shopping-cart/src/helpers/DataTypeChecker.ts": {"path":"/home/jmesa/projects/personal/shopping-cart/src/helpers/DataTypeChecker.ts","statementMap":{"0":{"start":{"line":3,"column":4},"end":{"line":3,"column":32}},"1":{"start":{"line":7,"column":19},"end":{"line":7,"column":24}},"2":{"start":{"line":8,"column":4},"end":{"line":10,"column":5}},"3":{"start":{"line":9,"column":6},"end":{"line":9,"column":69}},"4":{"start":{"line":9,"column":37},"end":{"line":9,"column":67}},"5":{"start":{"line":11,"column":4},"end":{"line":11,"column":20}},"6":{"start":{"line":15,"column":4},"end":{"line":15,"column":64}},"7":{"start":{"line":19,"column":4},"end":{"line":19,"column":56}}},"fnMap":{"0":{"name":"(anonymous_0)","decl":{"start":{"line":2,"column":2},"end":{"line":2,"column":3}},"loc":{"start":{"line":2,"column":58},"end":{"line":4,"column":3}},"line":2},"1":{"name":"(anonymous_1)","decl":{"start":{"line":6,"column":2},"end":{"line":6,"column":3}},"loc":{"start":{"line":6,"column":66},"end":{"line":12,"column":3}},"line":6},"2":{"name":"(anonymous_2)","decl":{"start":{"line":9,"column":29},"end":{"line":9,"column":30}},"loc":{"start":{"line":9,"column":37},"end":{"line":9,"column":67}},"line":9},"3":{"name":"(anonymous_3)","decl":{"start":{"line":14,"column":2},"end":{"line":14,"column":3}},"loc":{"start":{"line":14,"column":51},"end":{"line":16,"column":3}},"line":14},"4":{"name":"(anonymous_4)","decl":{"start":{"line":18,"column":2},"end":{"line":18,"column":3}},"loc":{"start":{"line":18,"column":51},"end":{"line":20,"column":3}},"line":18}},"branchMap":{"0":{"loc":{"start":{"line":8,"column":4},"end":{"line":10,"column":5}},"type":"if","locations":[{"start":{"line":8,"column":4},"end":{"line":10,"column":5}},{"start":{},"end":{}}],"line":8},"1":{"loc":{"start":{"line":15,"column":11},"end":{"line":15,"column":63}},"type":"binary-expr","locations":[{"start":{"line":15,"column":11},"end":{"line":15,"column":36}},{"start":{"line":15,"column":40},"end":{"line":15,"column":63}}],"line":15},"2":{"loc":{"start":{"line":19,"column":11},"end":{"line":19,"column":55}},"type":"binary-expr","locations":[{"start":{"line":19,"column":11},"end":{"line":19,"column":36}},{"start":{"line":19,"column":40},"end":{"line":19,"column":55}}],"line":19}},"s":{"0":106,"1":103,"2":103,"3":102,"4":103,"5":103,"6":2938,"7":955},"f":{"0":106,"1":103,"2":103,"3":2938,"4":955},"b":{"0":[102,1],"1":[2938,23],"2":[955,945]},"_coverageSchema":"1a1c01bbd47fc00a2c39e90264f33305004495a9","hash":"ad7081c99622bfc7a0568b94afe43f91b6750fc6"}
,"/home/jmesa/projects/personal/shopping-cart/src/helpers/discountsHelper.ts": {"path":"/home/jmesa/projects/personal/shopping-cart/src/helpers/discountsHelper.ts","statementMap":{"0":{"start":{"line":6,"column":23},"end":{"line":9,"column":1}},"1":{"start":{"line":11,"column":28},"end":{"line":22,"column":1}},"2":{"start":{"line":14,"column":15},"end":{"line":14,"column":32}},"3":{"start":{"line":15,"column":19},"end":{"line":15,"column":33}},"4":{"start":{"line":17,"column":2},"end":{"line":19,"column":5}},"5":{"start":{"line":18,"column":4},"end":{"line":18,"column":30}},"6":{"start":{"line":21,"column":2},"end":{"line":21,"column":18}},"7":{"start":{"line":24,"column":32},"end":{"line":28,"column":1}},"8":{"start":{"line":25,"column":31},"end":{"line":25,"column":59}},"9":{"start":{"line":27,"column":2},"end":{"line":27,"column":69}},"10":{"start":{"line":27,"column":42},"end":{"line":27,"column":67}},"11":{"start":{"line":30,"column":30},"end":{"line":89,"column":1}},"12":{"start":{"line":45,"column":20},"end":{"line":45,"column":45}},"13":{"start":{"line":46,"column":27},"end":{"line":46,"column":48}},"14":{"start":{"line":47,"column":2},"end":{"line":86,"column":5}},"15":{"start":{"line":48,"column":20},"end":{"line":50,"column":5}},"16":{"start":{"line":49,"column":36},"end":{"line":49,"column":79}},"17":{"start":{"line":52,"column":4},"end":{"line":85,"column":5}},"18":{"start":{"line":53,"column":24},"end":{"line":53,"column":31}},"19":{"start":{"line":55,"column":6},"end":{"line":57,"column":8}},"20":{"start":{"line":56,"column":27},"end":{"line":56,"column":56}},"21":{"start":{"line":59,"column":6},"end":{"line":84,"column":7}},"22":{"start":{"line":61,"column":10},"end":{"line":68,"column":11}},"23":{"start":{"line":62,"column":36},"end":{"line":62,"column":76}},"24":{"start":{"line":64,"column":12},"end":{"line":67,"column":15}},"25":{"start":{"line":69,"column":10},"end":{"line":69,"column":16}},"26":{"start":{"line":74,"column":10},"end":{"line":82,"column":11}},"27":{"start":{"line":75,"column":30},"end":{"line":75,"column":74}},"28":{"start":{"line":77,"column":12},"end":{"line":80,"column":15}},"29":{"start":{"line":81,"column":12},"end":{"line":81,"column":18}},"30":{"start":{"line":88,"column":2},"end":{"line":88,"column":28}}},"fnMap":{"0":{"name":"(anonymous_0)","decl":{"start":{"line":11,"column":28},"end":{"line":11,"column":29}},"loc":{"start":{"line":13,"column":16},"end":{"line":22,"column":1}},"line":13},"1":{"name":"(anonymous_1)","decl":{"start":{"line":17,"column":15},"end":{"line":17,"column":16}},"loc":{"start":{"line":17,"column":22},"end":{"line":19,"column":3}},"line":17},"2":{"name":"(anonymous_2)","decl":{"start":{"line":24,"column":32},"end":{"line":24,"column":33}},"loc":{"start":{"line":24,"column":55},"end":{"line":28,"column":1}},"line":24},"3":{"name":"(anonymous_3)","decl":{"start":{"line":27,"column":34},"end":{"line":27,"column":35}},"loc":{"start":{"line":27,"column":42},"end":{"line":27,"column":67}},"line":27},"4":{"name":"(anonymous_4)","decl":{"start":{"line":30,"column":30},"end":{"line":30,"column":31}},"loc":{"start":{"line":44,"column":6},"end":{"line":89,"column":1}},"line":44},"5":{"name":"(anonymous_5)","decl":{"start":{"line":47,"column":20},"end":{"line":47,"column":21}},"loc":{"start":{"line":47,"column":67},"end":{"line":86,"column":3}},"line":47},"6":{"name":"(anonymous_6)","decl":{"start":{"line":49,"column":6},"end":{"line":49,"column":7}},"loc":{"start":{"line":49,"column":36},"end":{"line":49,"column":79}},"line":49},"7":{"name":"(anonymous_7)","decl":{"start":{"line":56,"column":8},"end":{"line":56,"column":9}},"loc":{"start":{"line":56,"column":27},"end":{"line":56,"column":56}},"line":56}},"branchMap":{"0":{"loc":{"start":{"line":52,"column":4},"end":{"line":85,"column":5}},"type":"if","locations":[{"start":{"line":52,"column":4},"end":{"line":85,"column":5}},{"start":{},"end":{}}],"line":52},"1":{"loc":{"start":{"line":59,"column":6},"end":{"line":84,"column":7}},"type":"switch","locations":[{"start":{"line":60,"column":8},"end":{"line":70,"column":9}},{"start":{"line":72,"column":8},"end":{"line":72,"column":38}},{"start":{"line":73,"column":8},"end":{"line":83,"column":9}}],"line":59},"2":{"loc":{"start":{"line":61,"column":10},"end":{"line":68,"column":11}},"type":"if","locations":[{"start":{"line":61,"column":10},"end":{"line":68,"column":11}},{"start":{},"end":{}}],"line":61},"3":{"loc":{"start":{"line":74,"column":10},"end":{"line":82,"column":11}},"type":"if","locations":[{"start":{"line":74,"column":10},"end":{"line":82,"column":11}},{"start":{},"end":{}}],"line":74}},"s":{"0":7,"1":7,"2":96,"3":96,"4":96,"5":480,"6":96,"7":7,"8":48,"9":48,"10":96,"11":7,"12":48,"13":48,"14":48,"15":96,"16":96,"17":96,"18":40,"19":40,"20":31,"21":40,"22":29,"23":25,"24":25,"25":29,"26":11,"27":9,"28":9,"29":9,"30":48},"f":{"0":96,"1":480,"2":48,"3":96,"4":48,"5":96,"6":96,"7":31},"b":{"0":[40,56],"1":[29,11,11],"2":[25,4],"3":[9,2]},"_coverageSchema":"1a1c01bbd47fc00a2c39e90264f33305004495a9","hash":"ac084e22f6906107fd1ec0ac8964a15c446afcd2"}
,"/home/jmesa/projects/personal/shopping-cart/src/helpers/productsHelper.ts": {"path":"/home/jmesa/projects/personal/shopping-cart/src/helpers/productsHelper.ts","statementMap":{"0":{"start":{"line":5,"column":27},"end":{"line":16,"column":1}},"1":{"start":{"line":8,"column":15},"end":{"line":8,"column":32}},"2":{"start":{"line":9,"column":18},"end":{"line":9,"column":31}},"3":{"start":{"line":11,"column":2},"end":{"line":13,"column":5}},"4":{"start":{"line":12,"column":4},"end":{"line":12,"column":29}},"5":{"start":{"line":15,"column":2},"end":{"line":15,"column":17}},"6":{"start":{"line":18,"column":31},"end":{"line":22,"column":1}},"7":{"start":{"line":19,"column":30},"end":{"line":19,"column":57}},"8":{"start":{"line":21,"column":2},"end":{"line":21,"column":67}},"9":{"start":{"line":21,"column":41},"end":{"line":21,"column":65}},"10":{"start":{"line":24,"column":33},"end":{"line":24,"column":63}},"11":{"start":{"line":24,"column":39},"end":{"line":24,"column":63}},"12":{"start":{"line":26,"column":26},"end":{"line":29,"column":58}},"13":{"start":{"line":29,"column":14},"end":{"line":29,"column":58}},"14":{"start":{"line":29,"column":39},"end":{"line":29,"column":57}},"15":{"start":{"line":32,"column":27},"end":{"line":35,"column":69}},"16":{"start":{"line":35,"column":25},"end":{"line":35,"column":69}},"17":{"start":{"line":35,"column":50},"end":{"line":35,"column":68}}},"fnMap":{"0":{"name":"(anonymous_0)","decl":{"start":{"line":5,"column":27},"end":{"line":5,"column":28}},"loc":{"start":{"line":7,"column":15},"end":{"line":16,"column":1}},"line":7},"1":{"name":"(anonymous_1)","decl":{"start":{"line":11,"column":15},"end":{"line":11,"column":16}},"loc":{"start":{"line":11,"column":29},"end":{"line":13,"column":3}},"line":11},"2":{"name":"(anonymous_2)","decl":{"start":{"line":18,"column":31},"end":{"line":18,"column":32}},"loc":{"start":{"line":18,"column":37},"end":{"line":22,"column":1}},"line":18},"3":{"name":"(anonymous_3)","decl":{"start":{"line":21,"column":33},"end":{"line":21,"column":34}},"loc":{"start":{"line":21,"column":41},"end":{"line":21,"column":65}},"line":21},"4":{"name":"(anonymous_4)","decl":{"start":{"line":24,"column":33},"end":{"line":24,"column":34}},"loc":{"start":{"line":24,"column":39},"end":{"line":24,"column":63}},"line":24},"5":{"name":"(anonymous_5)","decl":{"start":{"line":26,"column":26},"end":{"line":26,"column":27}},"loc":{"start":{"line":29,"column":14},"end":{"line":29,"column":58}},"line":29},"6":{"name":"(anonymous_6)","decl":{"start":{"line":29,"column":31},"end":{"line":29,"column":32}},"loc":{"start":{"line":29,"column":39},"end":{"line":29,"column":57}},"line":29},"7":{"name":"(anonymous_7)","decl":{"start":{"line":32,"column":27},"end":{"line":32,"column":28}},"loc":{"start":{"line":35,"column":25},"end":{"line":35,"column":69}},"line":35},"8":{"name":"(anonymous_8)","decl":{"start":{"line":35,"column":42},"end":{"line":35,"column":43}},"loc":{"start":{"line":35,"column":50},"end":{"line":35,"column":68}},"line":35}},"branchMap":{},"s":{"0":8,"1":372,"2":372,"3":372,"4":3348,"5":372,"6":8,"7":93,"8":93,"9":372,"10":8,"11":93,"12":8,"13":91,"14":139,"15":8,"16":56,"17":61},"f":{"0":372,"1":3348,"2":93,"3":372,"4":93,"5":91,"6":139,"7":56,"8":61},"b":{},"_coverageSchema":"1a1c01bbd47fc00a2c39e90264f33305004495a9","hash":"3ef51b97e56ec1efd7d6a4f9136b802c0931bc37"}
,"/home/jmesa/projects/personal/shopping-cart/src/helpers/testHelpers.tsx": {"path":"/home/jmesa/projects/personal/shopping-cart/src/helpers/testHelpers.tsx","statementMap":{"0":{"start":{"line":3,"column":29},"end":{"line":13,"column":1}},"1":{"start":{"line":7,"column":2},"end":{"line":12,"column":4}}},"fnMap":{"0":{"name":"(anonymous_0)","decl":{"start":{"line":3,"column":29},"end":{"line":3,"column":30}},"loc":{"start":{"line":6,"column":33},"end":{"line":13,"column":1}},"line":6}},"branchMap":{},"s":{"0":2,"1":7},"f":{"0":7},"b":{},"_coverageSchema":"1a1c01bbd47fc00a2c39e90264f33305004495a9","hash":"45e7b18d72135e73ff7e6d9f67426ffc4088d48a"}
,"/home/jmesa/projects/personal/shopping-cart/src/models/Discount.ts": {"path":"/home/jmesa/projects/personal/shopping-cart/src/models/Discount.ts","statementMap":{"0":{"start":{"line":5,"column":18},"end":{"line":5,"column":20}},"1":{"start":{"line":6,"column":22},"end":{"line":6,"column":23}},"2":{"start":{"line":7,"column":26},"end":{"line":7,"column":28}},"3":{"start":{"line":8,"column":18},"end":{"line":8,"column":20}},"4":{"start":{"line":9,"column":22},"end":{"line":9,"column":23}},"5":{"start":{"line":15,"column":4},"end":{"line":15,"column":22}},"6":{"start":{"line":22,"column":4},"end":{"line":26,"column":5}},"7":{"start":{"line":23,"column":6},"end":{"line":23,"column":25}},"8":{"start":{"line":25,"column":6},"end":{"line":25,"column":69}},"9":{"start":{"line":33,"column":4},"end":{"line":33,"column":26}},"10":{"start":{"line":40,"column":4},"end":{"line":44,"column":5}},"11":{"start":{"line":41,"column":6},"end":{"line":41,"column":29}},"12":{"start":{"line":43,"column":6},"end":{"line":43,"column":73}},"13":{"start":{"line":51,"column":4},"end":{"line":51,"column":23}},"14":{"start":{"line":58,"column":4},"end":{"line":62,"column":5}},"15":{"start":{"line":59,"column":6},"end":{"line":59,"column":26}},"16":{"start":{"line":61,"column":6},"end":{"line":61,"column":67}},"17":{"start":{"line":69,"column":4},"end":{"line":69,"column":22}},"18":{"start":{"line":76,"column":4},"end":{"line":80,"column":5}},"19":{"start":{"line":77,"column":6},"end":{"line":77,"column":25}},"20":{"start":{"line":79,"column":6},"end":{"line":79,"column":69}},"21":{"start":{"line":87,"column":4},"end":{"line":87,"column":26}},"22":{"start":{"line":94,"column":4},"end":{"line":98,"column":5}},"23":{"start":{"line":95,"column":6},"end":{"line":95,"column":29}},"24":{"start":{"line":97,"column":6},"end":{"line":97,"column":73}}},"fnMap":{"0":{"name":"(anonymous_0)","decl":{"start":{"line":14,"column":2},"end":{"line":14,"column":3}},"loc":{"start":{"line":14,"column":13},"end":{"line":16,"column":3}},"line":14},"1":{"name":"(anonymous_1)","decl":{"start":{"line":21,"column":2},"end":{"line":21,"column":3}},"loc":{"start":{"line":21,"column":26},"end":{"line":27,"column":3}},"line":21},"2":{"name":"(anonymous_2)","decl":{"start":{"line":32,"column":2},"end":{"line":32,"column":3}},"loc":{"start":{"line":32,"column":17},"end":{"line":34,"column":3}},"line":32},"3":{"name":"(anonymous_3)","decl":{"start":{"line":39,"column":2},"end":{"line":39,"column":3}},"loc":{"start":{"line":39,"column":30},"end":{"line":45,"column":3}},"line":39},"4":{"name":"(anonymous_4)","decl":{"start":{"line":50,"column":2},"end":{"line":50,"column":3}},"loc":{"start":{"line":50,"column":14},"end":{"line":52,"column":3}},"line":50},"5":{"name":"(anonymous_5)","decl":{"start":{"line":57,"column":2},"end":{"line":57,"column":3}},"loc":{"start":{"line":57,"column":34},"end":{"line":63,"column":3}},"line":57},"6":{"name":"(anonymous_6)","decl":{"start":{"line":68,"column":2},"end":{"line":68,"column":3}},"loc":{"start":{"line":68,"column":13},"end":{"line":70,"column":3}},"line":68},"7":{"name":"(anonymous_7)","decl":{"start":{"line":75,"column":2},"end":{"line":75,"column":3}},"loc":{"start":{"line":75,"column":26},"end":{"line":81,"column":3}},"line":75},"8":{"name":"(anonymous_8)","decl":{"start":{"line":86,"column":2},"end":{"line":86,"column":3}},"loc":{"start":{"line":86,"column":17},"end":{"line":88,"column":3}},"line":86},"9":{"name":"(anonymous_9)","decl":{"start":{"line":93,"column":2},"end":{"line":93,"column":3}},"loc":{"start":{"line":93,"column":30},"end":{"line":99,"column":3}},"line":93}},"branchMap":{"0":{"loc":{"start":{"line":22,"column":4},"end":{"line":26,"column":5}},"type":"if","locations":[{"start":{"line":22,"column":4},"end":{"line":26,"column":5}},{"start":{"line":24,"column":11},"end":{"line":26,"column":5}}],"line":22},"1":{"loc":{"start":{"line":40,"column":4},"end":{"line":44,"column":5}},"type":"if","locations":[{"start":{"line":40,"column":4},"end":{"line":44,"column":5}},{"start":{"line":42,"column":11},"end":{"line":44,"column":5}}],"line":40},"2":{"loc":{"start":{"line":58,"column":4},"end":{"line":62,"column":5}},"type":"if","locations":[{"start":{"line":58,"column":4},"end":{"line":62,"column":5}},{"start":{"line":60,"column":11},"end":{"line":62,"column":5}}],"line":58},"3":{"loc":{"start":{"line":76,"column":4},"end":{"line":80,"column":5}},"type":"if","locations":[{"start":{"line":76,"column":4},"end":{"line":80,"column":5}},{"start":{"line":78,"column":11},"end":{"line":80,"column":5}}],"line":76},"4":{"loc":{"start":{"line":94,"column":4},"end":{"line":98,"column":5}},"type":"if","locations":[{"start":{"line":94,"column":4},"end":{"line":98,"column":5}},{"start":{"line":96,"column":11},"end":{"line":98,"column":5}}],"line":94}},"s":{"0":97,"1":97,"2":97,"3":97,"4":97,"5":97,"6":99,"7":97,"8":2,"9":97,"10":99,"11":97,"12":2,"13":97,"14":99,"15":97,"16":2,"17":97,"18":99,"19":97,"20":2,"21":97,"22":99,"23":97,"24":2},"f":{"0":97,"1":99,"2":97,"3":99,"4":97,"5":99,"6":97,"7":99,"8":97,"9":99},"b":{"0":[97,2],"1":[97,2],"2":[97,2],"3":[97,2],"4":[97,2]},"_coverageSchema":"1a1c01bbd47fc00a2c39e90264f33305004495a9","hash":"f663dbc507369a27ad7d89d22bfac1b476d2f63c"}
,"/home/jmesa/projects/personal/shopping-cart/src/models/Product.ts": {"path":"/home/jmesa/projects/personal/shopping-cart/src/models/Product.ts","statementMap":{"0":{"start":{"line":5,"column":18},"end":{"line":5,"column":22}},"1":{"start":{"line":6,"column":25},"end":{"line":6,"column":29}},"2":{"start":{"line":7,"column":20},"end":{"line":7,"column":24}},"3":{"start":{"line":8,"column":27},"end":{"line":8,"column":31}},"4":{"start":{"line":9,"column":26},"end":{"line":9,"column":30}},"5":{"start":{"line":10,"column":18},"end":{"line":10,"column":22}},"6":{"start":{"line":11,"column":19},"end":{"line":11,"column":23}},"7":{"start":{"line":12,"column":25},"end":{"line":12,"column":29}},"8":{"start":{"line":13,"column":19},"end":{"line":13,"column":23}},"9":{"start":{"line":19,"column":4},"end":{"line":19,"column":22}},"10":{"start":{"line":26,"column":4},"end":{"line":30,"column":5}},"11":{"start":{"line":27,"column":6},"end":{"line":27,"column":25}},"12":{"start":{"line":29,"column":6},"end":{"line":29,"column":68}},"13":{"start":{"line":37,"column":4},"end":{"line":37,"column":29}},"14":{"start":{"line":44,"column":4},"end":{"line":48,"column":5}},"15":{"start":{"line":45,"column":6},"end":{"line":45,"column":32}},"16":{"start":{"line":47,"column":6},"end":{"line":47,"column":75}},"17":{"start":{"line":55,"column":4},"end":{"line":55,"column":24}},"18":{"start":{"line":62,"column":4},"end":{"line":66,"column":5}},"19":{"start":{"line":63,"column":6},"end":{"line":63,"column":27}},"20":{"start":{"line":65,"column":6},"end":{"line":65,"column":70}},"21":{"start":{"line":73,"column":4},"end":{"line":73,"column":31}},"22":{"start":{"line":80,"column":4},"end":{"line":84,"column":5}},"23":{"start":{"line":81,"column":6},"end":{"line":81,"column":34}},"24":{"start":{"line":83,"column":6},"end":{"line":83,"column":77}},"25":{"start":{"line":91,"column":4},"end":{"line":91,"column":30}},"26":{"start":{"line":98,"column":4},"end":{"line":102,"column":5}},"27":{"start":{"line":99,"column":6},"end":{"line":99,"column":33}},"28":{"start":{"line":101,"column":6},"end":{"line":101,"column":76}},"29":{"start":{"line":109,"column":4},"end":{"line":109,"column":22}},"30":{"start":{"line":116,"column":4},"end":{"line":120,"column":5}},"31":{"start":{"line":117,"column":6},"end":{"line":117,"column":25}},"32":{"start":{"line":119,"column":6},"end":{"line":119,"column":68}},"33":{"start":{"line":127,"column":4},"end":{"line":127,"column":23}},"34":{"start":{"line":134,"column":4},"end":{"line":138,"column":5}},"35":{"start":{"line":135,"column":6},"end":{"line":135,"column":26}},"36":{"start":{"line":137,"column":6},"end":{"line":137,"column":69}},"37":{"start":{"line":145,"column":4},"end":{"line":145,"column":29}},"38":{"start":{"line":152,"column":4},"end":{"line":156,"column":5}},"39":{"start":{"line":153,"column":6},"end":{"line":153,"column":32}},"40":{"start":{"line":155,"column":6},"end":{"line":155,"column":75}},"41":{"start":{"line":163,"column":4},"end":{"line":163,"column":23}},"42":{"start":{"line":170,"column":4},"end":{"line":174,"column":5}},"43":{"start":{"line":171,"column":6},"end":{"line":171,"column":26}},"44":{"start":{"line":173,"column":6},"end":{"line":173,"column":69}}},"fnMap":{"0":{"name":"(anonymous_0)","decl":{"start":{"line":18,"column":2},"end":{"line":18,"column":3}},"loc":{"start":{"line":18,"column":13},"end":{"line":20,"column":3}},"line":18},"1":{"name":"(anonymous_1)","decl":{"start":{"line":25,"column":2},"end":{"line":25,"column":3}},"loc":{"start":{"line":25,"column":26},"end":{"line":31,"column":3}},"line":25},"2":{"name":"(anonymous_2)","decl":{"start":{"line":36,"column":2},"end":{"line":36,"column":3}},"loc":{"start":{"line":36,"column":20},"end":{"line":38,"column":3}},"line":36},"3":{"name":"(anonymous_3)","decl":{"start":{"line":43,"column":2},"end":{"line":43,"column":3}},"loc":{"start":{"line":43,"column":33},"end":{"line":49,"column":3}},"line":43},"4":{"name":"(anonymous_4)","decl":{"start":{"line":54,"column":2},"end":{"line":54,"column":3}},"loc":{"start":{"line":54,"column":15},"end":{"line":56,"column":3}},"line":54},"5":{"name":"(anonymous_5)","decl":{"start":{"line":61,"column":2},"end":{"line":61,"column":3}},"loc":{"start":{"line":61,"column":28},"end":{"line":67,"column":3}},"line":61},"6":{"name":"(anonymous_6)","decl":{"start":{"line":72,"column":2},"end":{"line":72,"column":3}},"loc":{"start":{"line":72,"column":22},"end":{"line":74,"column":3}},"line":72},"7":{"name":"(anonymous_7)","decl":{"start":{"line":79,"column":2},"end":{"line":79,"column":3}},"loc":{"start":{"line":79,"column":35},"end":{"line":85,"column":3}},"line":79},"8":{"name":"(anonymous_8)","decl":{"start":{"line":90,"column":2},"end":{"line":90,"column":3}},"loc":{"start":{"line":90,"column":21},"end":{"line":92,"column":3}},"line":90},"9":{"name":"(anonymous_9)","decl":{"start":{"line":97,"column":2},"end":{"line":97,"column":3}},"loc":{"start":{"line":97,"column":34},"end":{"line":103,"column":3}},"line":97},"10":{"name":"(anonymous_10)","decl":{"start":{"line":108,"column":2},"end":{"line":108,"column":3}},"loc":{"start":{"line":108,"column":13},"end":{"line":110,"column":3}},"line":108},"11":{"name":"(anonymous_11)","decl":{"start":{"line":115,"column":2},"end":{"line":115,"column":3}},"loc":{"start":{"line":115,"column":26},"end":{"line":121,"column":3}},"line":115},"12":{"name":"(anonymous_12)","decl":{"start":{"line":126,"column":2},"end":{"line":126,"column":3}},"loc":{"start":{"line":126,"column":14},"end":{"line":128,"column":3}},"line":126},"13":{"name":"(anonymous_13)","decl":{"start":{"line":133,"column":2},"end":{"line":133,"column":3}},"loc":{"start":{"line":133,"column":27},"end":{"line":139,"column":3}},"line":133},"14":{"name":"(anonymous_14)","decl":{"start":{"line":144,"column":2},"end":{"line":144,"column":3}},"loc":{"start":{"line":144,"column":20},"end":{"line":146,"column":3}},"line":144},"15":{"name":"(anonymous_15)","decl":{"start":{"line":151,"column":2},"end":{"line":151,"column":3}},"loc":{"start":{"line":151,"column":33},"end":{"line":157,"column":3}},"line":151},"16":{"name":"(anonymous_16)","decl":{"start":{"line":162,"column":2},"end":{"line":162,"column":3}},"loc":{"start":{"line":162,"column":14},"end":{"line":164,"column":3}},"line":162},"17":{"name":"(anonymous_17)","decl":{"start":{"line":169,"column":2},"end":{"line":169,"column":3}},"loc":{"start":{"line":169,"column":27},"end":{"line":175,"column":3}},"line":169}},"branchMap":{"0":{"loc":{"start":{"line":26,"column":4},"end":{"line":30,"column":5}},"type":"if","locations":[{"start":{"line":26,"column":4},"end":{"line":30,"column":5}},{"start":{"line":28,"column":11},"end":{"line":30,"column":5}}],"line":26},"1":{"loc":{"start":{"line":44,"column":4},"end":{"line":48,"column":5}},"type":"if","locations":[{"start":{"line":44,"column":4},"end":{"line":48,"column":5}},{"start":{"line":46,"column":11},"end":{"line":48,"column":5}}],"line":44},"2":{"loc":{"start":{"line":62,"column":4},"end":{"line":66,"column":5}},"type":"if","locations":[{"start":{"line":62,"column":4},"end":{"line":66,"column":5}},{"start":{"line":64,"column":11},"end":{"line":66,"column":5}}],"line":62},"3":{"loc":{"start":{"line":80,"column":4},"end":{"line":84,"column":5}},"type":"if","locations":[{"start":{"line":80,"column":4},"end":{"line":84,"column":5}},{"start":{"line":82,"column":11},"end":{"line":84,"column":5}}],"line":80},"4":{"loc":{"start":{"line":98,"column":4},"end":{"line":102,"column":5}},"type":"if","locations":[{"start":{"line":98,"column":4},"end":{"line":102,"column":5}},{"start":{"line":100,"column":11},"end":{"line":102,"column":5}}],"line":98},"5":{"loc":{"start":{"line":116,"column":4},"end":{"line":120,"column":5}},"type":"if","locations":[{"start":{"line":116,"column":4},"end":{"line":120,"column":5}},{"start":{"line":118,"column":11},"end":{"line":120,"column":5}}],"line":116},"6":{"loc":{"start":{"line":134,"column":4},"end":{"line":138,"column":5}},"type":"if","locations":[{"start":{"line":134,"column":4},"end":{"line":138,"column":5}},{"start":{"line":136,"column":11},"end":{"line":138,"column":5}}],"line":134},"7":{"loc":{"start":{"line":152,"column":4},"end":{"line":156,"column":5}},"type":"if","locations":[{"start":{"line":152,"column":4},"end":{"line":156,"column":5}},{"start":{"line":154,"column":11},"end":{"line":156,"column":5}}],"line":152},"8":{"loc":{"start":{"line":170,"column":4},"end":{"line":174,"column":5}},"type":"if","locations":[{"start":{"line":170,"column":4},"end":{"line":174,"column":5}},{"start":{"line":172,"column":11},"end":{"line":174,"column":5}}],"line":170}},"s":{"0":373,"1":373,"2":373,"3":373,"4":373,"5":373,"6":373,"7":373,"8":373,"9":252,"10":375,"11":373,"12":2,"13":6,"14":375,"15":373,"16":2,"17":13,"18":375,"19":373,"20":2,"21":8,"22":375,"23":373,"24":2,"25":6,"26":375,"27":373,"28":2,"29":13,"30":375,"31":373,"32":2,"33":71,"34":375,"35":373,"36":2,"37":13,"38":375,"39":373,"40":2,"41":32,"42":375,"43":373,"44":2},"f":{"0":252,"1":375,"2":6,"3":375,"4":13,"5":375,"6":8,"7":375,"8":6,"9":375,"10":13,"11":375,"12":71,"13":375,"14":13,"15":375,"16":32,"17":375},"b":{"0":[373,2],"1":[373,2],"2":[373,2],"3":[373,2],"4":[373,2],"5":[373,2],"6":[373,2],"7":[373,2],"8":[373,2]},"_coverageSchema":"1a1c01bbd47fc00a2c39e90264f33305004495a9","hash":"48497e209b7bf16631a3c32afe5392ea3b75e6b1"}
,"/home/jmesa/projects/personal/shopping-cart/src/pages/Checkout/Checkout.tsx": {"path":"/home/jmesa/projects/personal/shopping-cart/src/pages/Checkout/Checkout.tsx","statementMap":{"0":{"start":{"line":11,"column":17},"end":{"line":21,"column":1}},"1":{"start":{"line":12,"column":2},"end":{"line":12,"column":50}},"2":{"start":{"line":12,"column":26},"end":{"line":12,"column":48}},"3":{"start":{"line":14,"column":2},"end":{"line":20,"column":4}},"4":{"start":{"line":23,"column":26},"end":{"line":37,"column":1}}},"fnMap":{"0":{"name":"(anonymous_0)","decl":{"start":{"line":11,"column":17},"end":{"line":11,"column":18}},"loc":{"start":{"line":11,"column":63},"end":{"line":21,"column":1}},"line":11},"1":{"name":"(anonymous_1)","decl":{"start":{"line":12,"column":17},"end":{"line":12,"column":18}},"loc":{"start":{"line":12,"column":26},"end":{"line":12,"column":48}},"line":12}},"branchMap":{},"s":{"0":1,"1":1,"2":1,"3":1,"4":1},"f":{"0":1,"1":1},"b":{},"_coverageSchema":"1a1c01bbd47fc00a2c39e90264f33305004495a9","hash":"8405240fd499c68709eb749ca1bd75061605b5e2"}
,"/home/jmesa/projects/personal/shopping-cart/src/pages/Checkout/CheckoutOrderSummary.tsx": {"path":"/home/jmesa/projects/personal/shopping-cart/src/pages/Checkout/CheckoutOrderSummary.tsx","statementMap":{"0":{"start":{"line":9,"column":29},"end":{"line":68,"column":1}},"1":{"start":{"line":10,"column":19},"end":{"line":10,"column":35}},"2":{"start":{"line":11,"column":26},"end":{"line":14,"column":26}},"3":{"start":{"line":12,"column":4},"end":{"line":12,"column":19}},"4":{"start":{"line":13,"column":4},"end":{"line":13,"column":30}},"5":{"start":{"line":16,"column":20},"end":{"line":16,"column":38}},"6":{"start":{"line":18,"column":2},"end":{"line":67,"column":4}},"7":{"start":{"line":37,"column":14},"end":{"line":40,"column":19}},"8":{"start":{"line":70,"column":38},"end":{"line":161,"column":1}}},"fnMap":{"0":{"name":"(anonymous_0)","decl":{"start":{"line":9,"column":29},"end":{"line":9,"column":30}},"loc":{"start":{"line":9,"column":71},"end":{"line":68,"column":1}},"line":9},"1":{"name":"(anonymous_1)","decl":{"start":{"line":11,"column":38},"end":{"line":11,"column":39}},"loc":{"start":{"line":11,"column":44},"end":{"line":14,"column":3}},"line":11},"2":{"name":"(anonymous_2)","decl":{"start":{"line":36,"column":26},"end":{"line":36,"column":27}},"loc":{"start":{"line":37,"column":14},"end":{"line":40,"column":19}},"line":37}},"branchMap":{"0":{"loc":{"start":{"line":35,"column":11},"end":{"line":48,"column":11}},"type":"cond-expr","locations":[{"start":{"line":36,"column":12},"end":{"line":41,"column":14}},{"start":{"line":43,"column":12},"end":{"line":47,"column":17}}],"line":35}},"s":{"0":1,"1":2,"2":2,"3":1,"4":1,"5":2,"6":2,"7":4,"8":1},"f":{"0":2,"1":1,"2":4},"b":{"0":[2,0]},"_coverageSchema":"1a1c01bbd47fc00a2c39e90264f33305004495a9","hash":"6d87e1b78807f28dfbfc47b0d477cf54ea45885c"}
,"/home/jmesa/projects/personal/shopping-cart/src/pages/Checkout/CheckoutProductDetails.tsx": {"path":"/home/jmesa/projects/personal/shopping-cart/src/pages/Checkout/CheckoutProductDetails.tsx","statementMap":{"0":{"start":{"line":16,"column":31},"end":{"line":99,"column":1}},"1":{"start":{"line":17,"column":19},"end":{"line":17,"column":35}},"2":{"start":{"line":18,"column":42},"end":{"line":18,"column":59}},"3":{"start":{"line":19,"column":28},"end":{"line":19,"column":72}},"4":{"start":{"line":21,"column":37},"end":{"line":24,"column":3}},"5":{"start":{"line":22,"column":10},"end":{"line":22,"column":29}},"6":{"start":{"line":26,"column":27},"end":{"line":33,"column":3}},"7":{"start":{"line":28,"column":6},"end":{"line":30,"column":7}},"8":{"start":{"line":29,"column":8},"end":{"line":29,"column":37}},"9":{"start":{"line":35,"column":2},"end":{"line":41,"column":44}},"10":{"start":{"line":36,"column":4},"end":{"line":40,"column":5}},"11":{"start":{"line":37,"column":6},"end":{"line":37,"column":59}},"12":{"start":{"line":39,"column":6},"end":{"line":39,"column":62}},"13":{"start":{"line":43,"column":2},"end":{"line":96,"column":3}},"14":{"start":{"line":44,"column":20},"end":{"line":44,"column":70}},"15":{"start":{"line":54,"column":8},"end":{"line":54,"column":15}},"16":{"start":{"line":56,"column":21},"end":{"line":56,"column":58}},"17":{"start":{"line":57,"column":26},"end":{"line":57,"column":56}},"18":{"start":{"line":58,"column":32},"end":{"line":58,"column":54}},"19":{"start":{"line":60,"column":28},"end":{"line":64,"column":5}},"20":{"start":{"line":61,"column":21},"end":{"line":61,"column":23}},"21":{"start":{"line":62,"column":6},"end":{"line":62,"column":34}},"22":{"start":{"line":63,"column":6},"end":{"line":63,"column":37}},"23":{"start":{"line":66,"column":4},"end":{"line":95,"column":6}},"24":{"start":{"line":98,"column":2},"end":{"line":98,"column":14}},"25":{"start":{"line":101,"column":40},"end":{"line":179,"column":1}}},"fnMap":{"0":{"name":"(anonymous_0)","decl":{"start":{"line":16,"column":31},"end":{"line":16,"column":32}},"loc":{"start":{"line":16,"column":73},"end":{"line":99,"column":1}},"line":16},"1":{"name":"(anonymous_1)","decl":{"start":{"line":22,"column":4},"end":{"line":22,"column":5}},"loc":{"start":{"line":22,"column":10},"end":{"line":22,"column":29}},"line":22},"2":{"name":"(anonymous_2)","decl":{"start":{"line":27,"column":4},"end":{"line":27,"column":5}},"loc":{"start":{"line":27,"column":30},"end":{"line":31,"column":5}},"line":27},"3":{"name":"(anonymous_3)","decl":{"start":{"line":35,"column":12},"end":{"line":35,"column":13}},"loc":{"start":{"line":35,"column":18},"end":{"line":41,"column":3}},"line":35},"4":{"name":"(anonymous_4)","decl":{"start":{"line":60,"column":28},"end":{"line":60,"column":29}},"loc":{"start":{"line":60,"column":34},"end":{"line":64,"column":5}},"line":60}},"branchMap":{"0":{"loc":{"start":{"line":28,"column":6},"end":{"line":30,"column":7}},"type":"if","locations":[{"start":{"line":28,"column":6},"end":{"line":30,"column":7}},{"start":{},"end":{}}],"line":28},"1":{"loc":{"start":{"line":36,"column":4},"end":{"line":40,"column":5}},"type":"if","locations":[{"start":{"line":36,"column":4},"end":{"line":40,"column":5}},{"start":{"line":38,"column":11},"end":{"line":40,"column":5}}],"line":36},"2":{"loc":{"start":{"line":43,"column":2},"end":{"line":96,"column":3}},"type":"if","locations":[{"start":{"line":43,"column":2},"end":{"line":96,"column":3}},{"start":{},"end":{}}],"line":43},"3":{"loc":{"start":{"line":57,"column":26},"end":{"line":57,"column":56}},"type":"cond-expr","locations":[{"start":{"line":57,"column":37},"end":{"line":57,"column":52}},{"start":{"line":57,"column":55},"end":{"line":57,"column":56}}],"line":57},"4":{"loc":{"start":{"line":88,"column":11},"end":{"line":92,"column":11}},"type":"binary-expr","locations":[{"start":{"line":88,"column":11},"end":{"line":88,"column":30}},{"start":{"line":89,"column":12},"end":{"line":91,"column":19}}],"line":88}},"s":{"0":1,"1":7,"2":7,"3":7,"4":7,"5":5,"6":7,"7":4,"8":4,"9":7,"10":7,"11":5,"12":2,"13":7,"14":5,"15":5,"16":5,"17":5,"18":5,"19":5,"20":1,"21":1,"22":1,"23":5,"24":2,"25":1},"f":{"0":7,"1":5,"2":4,"3":7,"4":1},"b":{"0":[4,0],"1":[5,2],"2":[5,2],"3":[5,0],"4":[5,1]},"_coverageSchema":"1a1c01bbd47fc00a2c39e90264f33305004495a9","hash":"3325288c13508d7274353a5bcaf4dfe6fc0c94d0"}
,"/home/jmesa/projects/personal/shopping-cart/src/pages/Checkout/CheckoutProductList.tsx": {"path":"/home/jmesa/projects/personal/shopping-cart/src/pages/Checkout/CheckoutProductList.tsx","statementMap":{"0":{"start":{"line":9,"column":28},"end":{"line":34,"column":1}},"1":{"start":{"line":10,"column":19},"end":{"line":10,"column":38}},"2":{"start":{"line":12,"column":2},"end":{"line":33,"column":4}},"3":{"start":{"line":25,"column":10},"end":{"line":29,"column":12}},"4":{"start":{"line":36,"column":37},"end":{"line":176,"column":1}}},"fnMap":{"0":{"name":"(anonymous_0)","decl":{"start":{"line":9,"column":28},"end":{"line":9,"column":29}},"loc":{"start":{"line":9,"column":70},"end":{"line":34,"column":1}},"line":9},"1":{"name":"(anonymous_1)","decl":{"start":{"line":24,"column":22},"end":{"line":24,"column":23}},"loc":{"start":{"line":25,"column":10},"end":{"line":29,"column":12}},"line":25}},"branchMap":{},"s":{"0":1,"1":1,"2":1,"3":4,"4":1},"f":{"0":1,"1":4},"b":{},"_coverageSchema":"1a1c01bbd47fc00a2c39e90264f33305004495a9","hash":"03b92f7b9a7a1460d386402d23a0a5379cfa3101"}
,"/home/jmesa/projects/personal/shopping-cart/src/pages/Checkout/CheckoutProductListItem.tsx": {"path":"/home/jmesa/projects/personal/shopping-cart/src/pages/Checkout/CheckoutProductListItem.tsx","statementMap":{"0":{"start":{"line":12,"column":32},"end":{"line":102,"column":1}},"1":{"start":{"line":19,"column":30},"end":{"line":19,"column":47}},"2":{"start":{"line":20,"column":19},"end":{"line":20,"column":56}},"3":{"start":{"line":21,"column":24},"end":{"line":21,"column":54}},"4":{"start":{"line":23,"column":19},"end":{"line":23,"column":35}},"5":{"start":{"line":25,"column":28},"end":{"line":31,"column":3}},"6":{"start":{"line":27,"column":6},"end":{"line":27,"column":34}},"7":{"start":{"line":28,"column":6},"end":{"line":28,"column":50}},"8":{"start":{"line":33,"column":26},"end":{"line":36,"column":3}},"9":{"start":{"line":34,"column":10},"end":{"line":34,"column":65}},"10":{"start":{"line":38,"column":28},"end":{"line":48,"column":3}},"11":{"start":{"line":40,"column":27},"end":{"line":40,"column":55}},"12":{"start":{"line":42,"column":6},"end":{"line":45,"column":7}},"13":{"start":{"line":43,"column":8},"end":{"line":43,"column":73}},"14":{"start":{"line":44,"column":8},"end":{"line":44,"column":52}},"15":{"start":{"line":50,"column":2},"end":{"line":101,"column":4}},"16":{"start":{"line":65,"column":25},"end":{"line":65,"column":46}},"17":{"start":{"line":82,"column":25},"end":{"line":82,"column":46}}},"fnMap":{"0":{"name":"(anonymous_0)","decl":{"start":{"line":12,"column":32},"end":{"line":12,"column":33}},"loc":{"start":{"line":18,"column":6},"end":{"line":102,"column":1}},"line":18},"1":{"name":"(anonymous_1)","decl":{"start":{"line":26,"column":4},"end":{"line":26,"column":5}},"loc":{"start":{"line":26,"column":24},"end":{"line":29,"column":5}},"line":26},"2":{"name":"(anonymous_2)","decl":{"start":{"line":34,"column":4},"end":{"line":34,"column":5}},"loc":{"start":{"line":34,"column":10},"end":{"line":34,"column":65}},"line":34},"3":{"name":"(anonymous_3)","decl":{"start":{"line":39,"column":4},"end":{"line":39,"column":5}},"loc":{"start":{"line":39,"column":46},"end":{"line":46,"column":5}},"line":39},"4":{"name":"(anonymous_4)","decl":{"start":{"line":65,"column":19},"end":{"line":65,"column":20}},"loc":{"start":{"line":65,"column":25},"end":{"line":65,"column":46}},"line":65},"5":{"name":"(anonymous_5)","decl":{"start":{"line":82,"column":19},"end":{"line":82,"column":20}},"loc":{"start":{"line":82,"column":25},"end":{"line":82,"column":46}},"line":82}},"branchMap":{"0":{"loc":{"start":{"line":21,"column":24},"end":{"line":21,"column":54}},"type":"cond-expr","locations":[{"start":{"line":21,"column":35},"end":{"line":21,"column":50}},{"start":{"line":21,"column":53},"end":{"line":21,"column":54}}],"line":21},"1":{"loc":{"start":{"line":42,"column":6},"end":{"line":45,"column":7}},"type":"if","locations":[{"start":{"line":42,"column":6},"end":{"line":45,"column":7}},{"start":{},"end":{}}],"line":42},"2":{"loc":{"start":{"line":43,"column":40},"end":{"line":43,"column":71}},"type":"cond-expr","locations":[{"start":{"line":43,"column":55},"end":{"line":43,"column":67}},{"start":{"line":43,"column":70},"end":{"line":43,"column":71}}],"line":43},"3":{"loc":{"start":{"line":63,"column":20},"end":{"line":63,"column":54}},"type":"binary-expr","locations":[{"start":{"line":63,"column":20},"end":{"line":63,"column":31}},{"start":{"line":63,"column":35},"end":{"line":63,"column":54}}],"line":63},"4":{"loc":{"start":{"line":86,"column":9},"end":{"line":90,"column":9}},"type":"binary-expr","locations":[{"start":{"line":86,"column":9},"end":{"line":86,"column":31}},{"start":{"line":87,"column":10},"end":{"line":89,"column":17}}],"line":86}},"s":{"0":1,"1":7,"2":7,"3":7,"4":7,"5":7,"6":2,"7":2,"8":7,"9":1,"10":7,"11":3,"12":3,"13":3,"14":3,"15":7,"16":1,"17":1},"f":{"0":7,"1":2,"2":1,"3":3,"4":1,"5":1},"b":{"0":[7,0],"1":[3,0],"2":[2,1],"3":[7,7],"4":[7,1]},"_coverageSchema":"1a1c01bbd47fc00a2c39e90264f33305004495a9","hash":"dd961ee1bba625707a000a49652791dd4f818055"}
,"/home/jmesa/projects/personal/shopping-cart/src/reducers/cartItems.ts": {"path":"/home/jmesa/projects/personal/shopping-cart/src/reducers/cartItems.ts","statementMap":{"0":{"start":{"line":3,"column":18},"end":{"line":13,"column":2}},"1":{"start":{"line":10,"column":6},"end":{"line":10,"column":36}},"2":{"start":{"line":15,"column":32},"end":{"line":15,"column":49}}},"fnMap":{"0":{"name":"(anonymous_0)","decl":{"start":{"line":9,"column":4},"end":{"line":9,"column":5}},"loc":{"start":{"line":9,"column":55},"end":{"line":11,"column":5}},"line":9}},"branchMap":{},"s":{"0":4,"1":1,"2":4},"f":{"0":1},"b":{},"_coverageSchema":"1a1c01bbd47fc00a2c39e90264f33305004495a9","hash":"c643055057b5d21d58db634d4dc1d515056ad86a"}
,"/home/jmesa/projects/personal/shopping-cart/src/store/index.ts": {"path":"/home/jmesa/projects/personal/shopping-cart/src/store/index.ts","statementMap":{"0":{"start":{"line":5,"column":14},"end":{"line":5,"column":67}}},"fnMap":{},"branchMap":{},"s":{"0":0},"f":{},"b":{}}
,"/home/jmesa/projects/personal/shopping-cart/src/store/storeTestHelpers/mockState.ts": {"path":"/home/jmesa/projects/personal/shopping-cart/src/store/storeTestHelpers/mockState.ts","statementMap":{"0":{"start":{"line":1,"column":14},"end":{"line":3,"column":1}}},"fnMap":{},"branchMap":{},"s":{"0":4},"f":{},"b":{},"_coverageSchema":"1a1c01bbd47fc00a2c39e90264f33305004495a9","hash":"40ec08b05b36dbe36395b06a16ce77e1a943924e"}
,"/home/jmesa/projects/personal/shopping-cart/src/store/storeTestHelpers/mockStore.ts": {"path":"/home/jmesa/projects/personal/shopping-cart/src/store/storeTestHelpers/mockStore.ts","statementMap":{"0":{"start":{"line":5,"column":18},"end":{"line":5,"column":34}},"1":{"start":{"line":7,"column":14},"end":{"line":7,"column":30}}},"fnMap":{},"branchMap":{},"s":{"0":4,"1":4},"f":{},"b":{},"_coverageSchema":"1a1c01bbd47fc00a2c39e90264f33305004495a9","hash":"69d7d0fe2c491ba91de396608f48cf1468d12ab7"}
}
