TN:
SF:src/App.tsx
FN:13,(anonymous_0)
FNF:1
FNH:0
FNDA:0,(anonymous_0)
DA:11,0
DA:13,0
DA:14,0
LF:3
LH:0
BRF:0
BRH:0
end_of_record
TN:
SF:src/GlobalStyles.ts
FNF:0
FNH:0
DA:5,0
LF:1
LH:0
BRF:0
BRH:0
end_of_record
TN:
SF:src/index.tsx
FNF:0
FNH:0
DA:6,0
DA:7,0
LF:2
LH:0
BRF:0
BRH:0
end_of_record
TN:
SF:src/reduxHooks.ts
FNF:0
FNH:0
DA:5,4
DA:6,4
LF:2
LH:2
BRF:0
BRH:0
end_of_record
TN:
SF:src/classes/Checkout.ts
FN:13,(anonymous_0)
FN:23,(anonymous_1)
FN:42,(anonymous_2)
FN:64,(anonymous_3)
FN:68,(anonymous_4)
FN:78,(anonymous_5)
FN:81,(anonymous_6)
FN:88,(anonymous_7)
FNF:8
FNH:8
FNDA:43,(anonymous_0)
FNDA:26,(anonymous_1)
FNDA:17,(anonymous_2)
FNDA:8,(anonymous_3)
FNDA:18,(anonymous_4)
FNDA:4,(anonymous_5)
FNDA:6,(anonymous_6)
FNDA:2,(anonymous_7)
DA:9,12
DA:10,12
DA:11,12
DA:14,43
DA:16,43
DA:24,26
DA:25,26
DA:27,26
DA:28,8
DA:29,8
DA:30,18
DA:31,18
DA:32,18
DA:35,26
DA:37,26
DA:39,26
DA:43,17
DA:44,17
DA:47,17
DA:48,17
DA:50,17
DA:51,15
DA:52,15
DA:53,2
DA:54,2
DA:57,17
DA:59,17
DA:61,17
DA:65,8
DA:67,8
DA:68,6
DA:69,18
DA:71,18
DA:75,2
DA:79,4
DA:80,4
DA:81,6
DA:85,4
DA:89,2
DA:90,2
DA:91,2
DA:93,2
LF:42
LH:42
BRDA:23,0,0,8
BRDA:27,1,0,8
BRDA:27,1,1,18
BRDA:30,2,0,18
BRDA:30,2,1,0
BRDA:47,3,0,2
BRDA:47,3,1,15
BRDA:50,4,0,15
BRDA:50,4,1,2
BRDA:53,5,0,2
BRDA:53,5,1,0
BRDA:67,6,0,6
BRDA:67,6,1,2
BRF:13
BRH:11
end_of_record
TN:
SF:src/config/constants.ts
FNF:0
FNH:0
DA:1,2
LF:1
LH:1
BRF:0
BRH:0
end_of_record
TN:
SF:src/helpers/DataTypeChecker.ts
FN:2,(anonymous_0)
FN:6,(anonymous_1)
FN:9,(anonymous_2)
FN:14,(anonymous_3)
FN:18,(anonymous_4)
FNF:5
FNH:5
FNDA:106,(anonymous_0)
FNDA:103,(anonymous_1)
FNDA:103,(anonymous_2)
FNDA:2938,(anonymous_3)
FNDA:955,(anonymous_4)
DA:3,106
DA:7,103
DA:8,103
DA:9,103
DA:11,103
DA:15,2938
DA:19,955
LF:7
LH:7
BRDA:8,0,0,102
BRDA:8,0,1,1
BRDA:15,1,0,2938
BRDA:15,1,1,23
BRDA:19,2,0,955
BRDA:19,2,1,945
BRF:6
BRH:6
end_of_record
TN:
SF:src/helpers/discountsHelper.ts
FN:11,(anonymous_0)
FN:17,(anonymous_1)
FN:24,(anonymous_2)
FN:27,(anonymous_3)
FN:30,(anonymous_4)
FN:47,(anonymous_5)
FN:49,(anonymous_6)
FN:56,(anonymous_7)
FNF:8
FNH:8
FNDA:96,(anonymous_0)
FNDA:480,(anonymous_1)
FNDA:48,(anonymous_2)
FNDA:96,(anonymous_3)
FNDA:48,(anonymous_4)
FNDA:96,(anonymous_5)
FNDA:96,(anonymous_6)
FNDA:31,(anonymous_7)
DA:6,7
DA:11,7
DA:14,96
DA:15,96
DA:17,96
DA:18,480
DA:21,96
DA:24,7
DA:25,48
DA:27,96
DA:30,7
DA:45,48
DA:46,48
DA:47,48
DA:48,96
DA:49,96
DA:52,96
DA:53,40
DA:55,40
DA:56,31
DA:59,40
DA:61,29
DA:62,25
DA:64,25
DA:69,29
DA:74,11
DA:75,9
DA:77,9
DA:81,9
DA:88,48
LF:30
LH:30
BRDA:52,0,0,40
BRDA:52,0,1,56
BRDA:59,1,0,29
BRDA:59,1,1,11
BRDA:59,1,2,11
BRDA:61,2,0,25
BRDA:61,2,1,4
BRDA:74,3,0,9
BRDA:74,3,1,2
BRF:9
BRH:9
end_of_record
TN:
SF:src/helpers/productsHelper.ts
FN:5,(anonymous_0)
FN:11,(anonymous_1)
FN:18,(anonymous_2)
FN:21,(anonymous_3)
FN:24,(anonymous_4)
FN:26,(anonymous_5)
FN:29,(anonymous_6)
FN:32,(anonymous_7)
FN:35,(anonymous_8)
FNF:9
FNH:9
FNDA:372,(anonymous_0)
FNDA:3348,(anonymous_1)
FNDA:93,(anonymous_2)
FNDA:372,(anonymous_3)
FNDA:93,(anonymous_4)
FNDA:91,(anonymous_5)
FNDA:139,(anonymous_6)
FNDA:56,(anonymous_7)
FNDA:61,(anonymous_8)
DA:5,8
DA:8,372
DA:9,372
DA:11,372
DA:12,3348
DA:15,372
DA:18,8
DA:19,93
DA:21,372
DA:24,93
DA:26,8
DA:29,139
DA:32,8
DA:35,61
LF:14
LH:14
BRF:0
BRH:0
end_of_record
TN:
SF:src/helpers/testHelpers.tsx
FN:3,(anonymous_0)
FNF:1
FNH:1
FNDA:7,(anonymous_0)
DA:3,2
DA:7,7
LF:2
LH:2
BRF:0
BRH:0
end_of_record
TN:
SF:src/models/Discount.ts
FN:14,(anonymous_0)
FN:21,(anonymous_1)
FN:32,(anonymous_2)
FN:39,(anonymous_3)
FN:50,(anonymous_4)
FN:57,(anonymous_5)
FN:68,(anonymous_6)
FN:75,(anonymous_7)
FN:86,(anonymous_8)
FN:93,(anonymous_9)
FNF:10
FNH:10
FNDA:97,(anonymous_0)
FNDA:99,(anonymous_1)
FNDA:97,(anonymous_2)
FNDA:99,(anonymous_3)
FNDA:97,(anonymous_4)
FNDA:99,(anonymous_5)
FNDA:97,(anonymous_6)
FNDA:99,(anonymous_7)
FNDA:97,(anonymous_8)
FNDA:99,(anonymous_9)
DA:5,97
DA:6,97
DA:7,97
DA:8,97
DA:9,97
DA:15,97
DA:22,99
DA:23,97
DA:25,2
DA:33,97
DA:40,99
DA:41,97
DA:43,2
DA:51,97
DA:58,99
DA:59,97
DA:61,2
DA:69,97
DA:76,99
DA:77,97
DA:79,2
DA:87,97
DA:94,99
DA:95,97
DA:97,2
LF:25
LH:25
BRDA:22,0,0,97
BRDA:22,0,1,2
BRDA:40,1,0,97
BRDA:40,1,1,2
BRDA:58,2,0,97
BRDA:58,2,1,2
BRDA:76,3,0,97
BRDA:76,3,1,2
BRDA:94,4,0,97
BRDA:94,4,1,2
BRF:10
BRH:10
end_of_record
TN:
SF:src/models/Product.ts
FN:18,(anonymous_0)
FN:25,(anonymous_1)
FN:36,(anonymous_2)
FN:43,(anonymous_3)
FN:54,(anonymous_4)
FN:61,(anonymous_5)
FN:72,(anonymous_6)
FN:79,(anonymous_7)
FN:90,(anonymous_8)
FN:97,(anonymous_9)
FN:108,(anonymous_10)
FN:115,(anonymous_11)
FN:126,(anonymous_12)
FN:133,(anonymous_13)
FN:144,(anonymous_14)
FN:151,(anonymous_15)
FN:162,(anonymous_16)
FN:169,(anonymous_17)
FNF:18
FNH:18
FNDA:252,(anonymous_0)
FNDA:375,(anonymous_1)
FNDA:6,(anonymous_2)
FNDA:375,(anonymous_3)
FNDA:13,(anonymous_4)
FNDA:375,(anonymous_5)
FNDA:8,(anonymous_6)
FNDA:375,(anonymous_7)
FNDA:6,(anonymous_8)
FNDA:375,(anonymous_9)
FNDA:13,(anonymous_10)
FNDA:375,(anonymous_11)
FNDA:71,(anonymous_12)
FNDA:375,(anonymous_13)
FNDA:13,(anonymous_14)
FNDA:375,(anonymous_15)
FNDA:32,(anonymous_16)
FNDA:375,(anonymous_17)
DA:5,373
DA:6,373
DA:7,373
DA:8,373
DA:9,373
DA:10,373
DA:11,373
DA:12,373
DA:13,373
DA:19,252
DA:26,375
DA:27,373
DA:29,2
DA:37,6
DA:44,375
DA:45,373
DA:47,2
DA:55,13
DA:62,375
DA:63,373
DA:65,2
DA:73,8
DA:80,375
DA:81,373
DA:83,2
DA:91,6
DA:98,375
DA:99,373
DA:101,2
DA:109,13
DA:116,375
DA:117,373
DA:119,2
DA:127,71
DA:134,375
DA:135,373
DA:137,2
DA:145,13
DA:152,375
DA:153,373
DA:155,2
DA:163,32
DA:170,375
DA:171,373
DA:173,2
LF:45
LH:45
BRDA:26,0,0,373
BRDA:26,0,1,2
BRDA:44,1,0,373
BRDA:44,1,1,2
BRDA:62,2,0,373
BRDA:62,2,1,2
BRDA:80,3,0,373
BRDA:80,3,1,2
BRDA:98,4,0,373
BRDA:98,4,1,2
BRDA:116,5,0,373
BRDA:116,5,1,2
BRDA:134,6,0,373
BRDA:134,6,1,2
BRDA:152,7,0,373
BRDA:152,7,1,2
BRDA:170,8,0,373
BRDA:170,8,1,2
BRF:18
BRH:18
end_of_record
TN:
SF:src/pages/Checkout/Checkout.tsx
FN:11,(anonymous_0)
FN:12,(anonymous_1)
FNF:2
FNH:2
FNDA:1,(anonymous_0)
FNDA:1,(anonymous_1)
DA:11,1
DA:12,1
DA:14,1
DA:23,1
LF:4
LH:4
BRF:0
BRH:0
end_of_record
TN:
SF:src/pages/Checkout/CheckoutOrderSummary.tsx
FN:9,(anonymous_0)
FN:11,(anonymous_1)
FN:36,(anonymous_2)
FNF:3
FNH:3
FNDA:2,(anonymous_0)
FNDA:1,(anonymous_1)
FNDA:4,(anonymous_2)
DA:9,1
DA:10,2
DA:11,2
DA:12,1
DA:13,1
DA:16,2
DA:18,2
DA:37,4
DA:70,1
LF:9
LH:9
BRDA:35,0,0,2
BRDA:35,0,1,0
BRF:2
BRH:1
end_of_record
TN:
SF:src/pages/Checkout/CheckoutProductDetails.tsx
FN:16,(anonymous_0)
FN:22,(anonymous_1)
FN:27,(anonymous_2)
FN:35,(anonymous_3)
FN:60,(anonymous_4)
FNF:5
FNH:5
FNDA:7,(anonymous_0)
FNDA:5,(anonymous_1)
FNDA:4,(anonymous_2)
FNDA:7,(anonymous_3)
FNDA:1,(anonymous_4)
DA:16,1
DA:17,7
DA:18,7
DA:19,7
DA:21,7
DA:22,5
DA:26,7
DA:28,4
DA:29,4
DA:35,7
DA:36,7
DA:37,5
DA:39,2
DA:43,7
DA:44,5
DA:54,5
DA:56,5
DA:57,5
DA:58,5
DA:60,5
DA:61,1
DA:62,1
DA:63,1
DA:66,5
DA:98,2
DA:101,1
LF:26
LH:26
BRDA:28,0,0,4
BRDA:28,0,1,0
BRDA:36,1,0,5
BRDA:36,1,1,2
BRDA:43,2,0,5
BRDA:43,2,1,2
BRDA:57,3,0,5
BRDA:57,3,1,0
BRDA:88,4,0,5
BRDA:88,4,1,1
BRF:10
BRH:8
end_of_record
TN:
SF:src/pages/Checkout/CheckoutProductList.tsx
FN:9,(anonymous_0)
FN:24,(anonymous_1)
FNF:2
FNH:2
FNDA:1,(anonymous_0)
FNDA:4,(anonymous_1)
DA:9,1
DA:10,1
DA:12,1
DA:25,4
DA:36,1
LF:5
LH:5
BRF:0
BRH:0
end_of_record
TN:
SF:src/pages/Checkout/CheckoutProductListItem.tsx
FN:12,(anonymous_0)
FN:26,(anonymous_1)
FN:34,(anonymous_2)
FN:39,(anonymous_3)
FN:65,(anonymous_4)
FN:82,(anonymous_5)
FNF:6
FNH:6
FNDA:7,(anonymous_0)
FNDA:2,(anonymous_1)
FNDA:1,(anonymous_2)
FNDA:3,(anonymous_3)
FNDA:1,(anonymous_4)
FNDA:1,(anonymous_5)
DA:12,1
DA:19,7
DA:20,7
DA:21,7
DA:23,7
DA:25,7
DA:27,2
DA:28,2
DA:33,7
DA:34,1
DA:38,7
DA:40,3
DA:42,3
DA:43,3
DA:44,3
DA:50,7
DA:65,1
DA:82,1
LF:18
LH:18
BRDA:21,0,0,7
BRDA:21,0,1,0
BRDA:42,1,0,3
BRDA:42,1,1,0
BRDA:43,2,0,2
BRDA:43,2,1,1
BRDA:63,3,0,7
BRDA:63,3,1,7
BRDA:86,4,0,7
BRDA:86,4,1,1
BRF:10
BRH:8
end_of_record
TN:
SF:src/reducers/cartItems.ts
FN:9,(anonymous_0)
FNF:1
FNH:1
FNDA:1,(anonymous_0)
DA:3,4
DA:10,1
DA:15,4
LF:3
LH:3
BRF:0
BRH:0
end_of_record
TN:
SF:src/store/index.ts
FNF:0
FNH:0
DA:5,0
LF:1
LH:0
BRF:0
BRH:0
end_of_record
TN:
SF:src/store/storeTestHelpers/mockState.ts
FNF:0
FNH:0
DA:1,4
LF:1
LH:1
BRF:0
BRH:0
end_of_record
TN:
SF:src/store/storeTestHelpers/mockStore.ts
FNF:0
FNH:0
DA:5,4
DA:7,4
LF:2
LH:2
BRF:0
BRH:0
end_of_record
